d:\so_tts_adapt\tts_adap_105\tts_adap_105\debug\vc120.pdb
d:\so_tts_adapt\tts_adap_105\tts_adap_105\debug\vc120.idb
d:\so_tts_adapt\tts_adap_105\tts_adap_105\debug\hts_audio.obj
d:\so_tts_adapt\tts_adap_105\tts_adap_105\debug\hts_engine.obj
d:\so_tts_adapt\tts_adap_105\tts_adap_105\debug\hts_engine_test.obj
d:\so_tts_adapt\tts_adap_105\tts_adap_105\debug\hts_gstream.obj
d:\so_tts_adapt\tts_adap_105\tts_adap_105\debug\hts_label.obj
d:\so_tts_adapt\tts_adap_105\tts_adap_105\debug\hts_misc.obj
d:\so_tts_adapt\tts_adap_105\tts_adap_105\debug\hts_model.obj
d:\so_tts_adapt\tts_adap_105\tts_adap_105\debug\hts_pstream.obj
d:\so_tts_adapt\tts_adap_105\tts_adap_105\debug\hts_sstream.obj
d:\so_tts_adapt\tts_adap_105\tts_adap_105\debug\hts_vocoder.obj
d:\so_tts_adapt\tts_adap_105\debug\tts_adap_105.pdb
d:\so_tts_adapt\tts_adap_105\tts_adap_105\debug\tts_adap_105.tlog\cl.command.1.tlog
d:\so_tts_adapt\tts_adap_105\tts_adap_105\debug\tts_adap_105.tlog\cl.read.1.tlog
d:\so_tts_adapt\tts_adap_105\tts_adap_105\debug\tts_adap_105.tlog\cl.write.1.tlog
d:\so_tts_adapt\tts_adap_105\tts_adap_105\debug\tts_adap_105.tlog\link-cvtres.read.1.tlog
d:\so_tts_adapt\tts_adap_105\tts_adap_105\debug\tts_adap_105.tlog\link-cvtres.write.1.tlog
d:\so_tts_adapt\tts_adap_105\tts_adap_105\debug\tts_adap_105.tlog\link-rc.read.1.tlog
d:\so_tts_adapt\tts_adap_105\tts_adap_105\debug\tts_adap_105.tlog\link-rc.write.1.tlog
d:\so_tts_adapt\tts_adap_105\tts_adap_105\debug\tts_adap_105.tlog\link.command.1.tlog
d:\so_tts_adapt\tts_adap_105\tts_adap_105\debug\tts_adap_105.tlog\link.read.1.tlog
d:\so_tts_adapt\tts_adap_105\tts_adap_105\debug\tts_adap_105.tlog\link.write.1.tlog
