生成启动时间为 2016/10/27 12:41:51。
     1>项目“D:\so_tts_adapt\tts_adap_105\tts_adap_105\tts_adap_105.vcxproj”在节点 2 上(Rebuild 个目标)。
     1>ClCompile:
         C:\Program Files (x86)\Microsoft Visual Studio 12.0\VC\bin\CL.exe /c /I"C:\Program Files (x86)\Visual Leak Detector\include" /ZI /nologo /W3 /WX- /sdl /Od /Oy- /D WIN32 /D _DEBUG /D _CONSOLE /D _LIB /D _CRT_SECURE_NO_WARNINGS /D _UNICODE /D UNICODE /Gm /EHsc /RTC1 /MDd /GS /fp:precise /Zc:wchar_t /Zc:forScope /Fo"Debug\\" /Fd"Debug\vc120.pdb" /Gd /TC /analyze- /errorReport:prompt src\HTS_audio.c src\HTS_engine.c src\hts_engine_test.c src\HTS_gstream.c src\HTS_label.c src\HTS_misc.c src\HTS_model.c src\HTS_pstream.c src\HTS_sstream.c src\HTS_vocoder.c
         HTS_vocoder.c
         HTS_sstream.c
         HTS_pstream.c
         HTS_model.c
         HTS_misc.c
         HTS_label.c
         HTS_gstream.c
         hts_engine_test.c
         HTS_engine.c
         HTS_audio.c
         正在生成代码...
       Link:
         C:\Program Files (x86)\Microsoft Visual Studio 12.0\VC\bin\link.exe /ERRORREPORT:PROMPT /OUT:"D:\so_tts_adapt\tts_adap_105\Debug\tts_adap_105.exe" /INCREMENTAL /NOLOGO /LIBPATH:"C:\Program Files (x86)\Visual Leak Detector\lib\Win32" kernel32.lib user32.lib gdi32.lib winspool.lib comdlg32.lib advapi32.lib shell32.lib ole32.lib oleaut32.lib uuid.lib odbc32.lib odbccp32.lib /MANIFEST /MANIFESTUAC:"level='asInvoker' uiAccess='false'" /manifest:embed /DEBUG /PDB:"D:\so_tts_adapt\tts_adap_105\Debug\tts_adap_105.pdb" /SUBSYSTEM:CONSOLE /TLBID:1 /DYNAMICBASE /NXCOMPAT /IMPLIB:"D:\so_tts_adapt\tts_adap_105\Debug\tts_adap_105.lib" /MACHINE:X86 Debug\HTS_audio.obj
         Debug\HTS_engine.obj
         Debug\hts_engine_test.obj
         Debug\HTS_gstream.obj
         Debug\HTS_label.obj
         Debug\HTS_misc.obj
         Debug\HTS_model.obj
         Debug\HTS_pstream.obj
         Debug\HTS_sstream.obj
         Debug\HTS_vocoder.obj
         tts_adap_105.vcxproj -> D:\so_tts_adapt\tts_adap_105\Debug\tts_adap_105.exe
     1>已完成生成项目“D:\so_tts_adapt\tts_adap_105\tts_adap_105\tts_adap_105.vcxproj”(Rebuild 个目标)的操作。

生成成功。

已用时间 00:00:07.75
